[2023-07-01 16:22:18] local.ERROR: syntax error, unexpected 'return' (T_RETURN) {"exception":"[object] (Symfony\\Component\\Debug\\Exception\\FatalThrowableError(code: 0): syntax error, unexpected 'return' (T_RETURN) at C:\\xampp\\htdocs\\dxerp\\app\\Http\\Controllers\\HomeController.php:263)
[stacktrace]
#0 C:\\xampp\\htdocs\\dxerp\\vendor\\composer\\ClassLoader.php(322): Composer\\Autoload\\includeFile('C:\\\\xampp\\\\htdocs...')
#1 [internal function]: Composer\\Autoload\\ClassLoader->loadClass('App\\\\Http\\\\Contro...')
#2 [internal function]: spl_autoload_call('App\\\\Http\\\\Contro...')
#3 C:\\xampp\\htdocs\\dxerp\\vendor\\laravel\\framework\\src\\Illuminate\\Container\\Container.php(788): ReflectionClass->__construct('App\\\\Http\\\\Contro...')
#4 C:\\xampp\\htdocs\\dxerp\\vendor\\laravel\\framework\\src\\Illuminate\\Container\\Container.php(667): Illuminate\\Container\\Container->build('App\\\\Http\\\\Contro...')
#5 C:\\xampp\\htdocs\\dxerp\\vendor\\laravel\\framework\\src\\Illuminate\\Container\\Container.php(615): Illuminate\\Container\\Container->resolve('App\\\\Http\\\\Contro...', Array)
#6 C:\\xampp\\htdocs\\dxerp\\vendor\\laravel\\framework\\src\\Illuminate\\Foundation\\Application.php(767): Illuminate\\Container\\Container->make('App\\\\Http\\\\Contro...', Array)
#7 C:\\xampp\\htdocs\\dxerp\\vendor\\laravel\\framework\\src\\Illuminate\\Routing\\Route.php(233): Illuminate\\Foundation\\Application->make('App\\\\Http\\\\Contro...')
#8 C:\\xampp\\htdocs\\dxerp\\vendor\\laravel\\framework\\src\\Illuminate\\Routing\\Route.php(833): Illuminate\\Routing\\Route->getController()
#9 C:\\xampp\\htdocs\\dxerp\\vendor\\laravel\\framework\\src\\Illuminate\\Routing\\Route.php(794): Illuminate\\Routing\\Route->controllerMiddleware()
#10 C:\\xampp\\htdocs\\dxerp\\vendor\\laravel\\framework\\src\\Illuminate\\Routing\\Router.php(693): Illuminate\\Routing\\Route->gatherMiddleware()
#11 C:\\xampp\\htdocs\\dxerp\\vendor\\laravel\\framework\\src\\Illuminate\\Routing\\Router.php(673): Illuminate\\Routing\\Router->gatherRouteMiddleware(Object(Illuminate\\Routing\\Route))
#12 C:\\xampp\\htdocs\\dxerp\\vendor\\laravel\\framework\\src\\Illuminate\\Routing\\Router.php(657): Illuminate\\Routing\\Router->runRouteWithinStack(Object(Illuminate\\Routing\\Route), Object(Illuminate\\Http\\Request))
#13 C:\\xampp\\htdocs\\dxerp\\vendor\\laravel\\framework\\src\\Illuminate\\Routing\\Router.php(623): Illuminate\\Routing\\Router->runRoute(Object(Illuminate\\Http\\Request), Object(Illuminate\\Routing\\Route))
#14 C:\\xampp\\htdocs\\dxerp\\vendor\\laravel\\framework\\src\\Illuminate\\Routing\\Router.php(612): Illuminate\\Routing\\Router->dispatchToRoute(Object(Illuminate\\Http\\Request))
#15 C:\\xampp\\htdocs\\dxerp\\vendor\\laravel\\framework\\src\\Illuminate\\Foundation\\Http\\Kernel.php(176): Illuminate\\Routing\\Router->dispatch(Object(Illuminate\\Http\\Request))
#16 C:\\xampp\\htdocs\\dxerp\\vendor\\laravel\\framework\\src\\Illuminate\\Routing\\Pipeline.php(30): Illuminate\\Foundation\\Http\\Kernel->Illuminate\\Foundation\\Http\\{closure}(Object(Illuminate\\Http\\Request))
#17 C:\\xampp\\htdocs\\dxerp\\vendor\\barryvdh\\laravel-debugbar\\src\\Middleware\\InjectDebugbar.php(58): Illuminate\\Routing\\Pipeline->Illuminate\\Routing\\{closure}(Object(Illuminate\\Http\\Request))
#18 C:\\xampp\\htdocs\\dxerp\\vendor\\laravel\\framework\\src\\Illuminate\\Pipeline\\Pipeline.php(163): Barryvdh\\Debugbar\\Middleware\\InjectDebugbar->handle(Object(Illuminate\\Http\\Request), Object(Closure))
#19 C:\\xampp\\htdocs\\dxerp\\vendor\\laravel\\framework\\src\\Illuminate\\Routing\\Pipeline.php(53): Illuminate\\Pipeline\\Pipeline->Illuminate\\Pipeline\\{closure}(Object(Illuminate\\Http\\Request))
#20 C:\\xampp\\htdocs\\dxerp\\vendor\\fideloper\\proxy\\src\\TrustProxies.php(57): Illuminate\\Routing\\Pipeline->Illuminate\\Routing\\{closure}(Object(Illuminate\\Http\\Request))
#21 C:\\xampp\\htdocs\\dxerp\\vendor\\laravel\\framework\\src\\Illuminate\\Pipeline\\Pipeline.php(163): Fideloper\\Proxy\\TrustProxies->handle(Object(Illuminate\\Http\\Request), Object(Closure))
#22 C:\\xampp\\htdocs\\dxerp\\vendor\\laravel\\framework\\src\\Illuminate\\Routing\\Pipeline.php(53): Illuminate\\Pipeline\\Pipeline->Illuminate\\Pipeline\\{closure}(Object(Illuminate\\Http\\Request))
#23 C:\\xampp\\htdocs\\dxerp\\vendor\\laravel\\framework\\src\\Illuminate\\Foundation\\Http\\Middleware\\TransformsRequest.php(21): Illuminate\\Routing\\Pipeline->Illuminate\\Routing\\{closure}(Object(Illuminate\\Http\\Request))
#24 C:\\xampp\\htdocs\\dxerp\\vendor\\laravel\\framework\\src\\Illuminate\\Pipeline\\Pipeline.php(163): Illuminate\\Foundation\\Http\\Middleware\\TransformsRequest->handle(Object(Illuminate\\Http\\Request), Object(Closure))
#25 C:\\xampp\\htdocs\\dxerp\\vendor\\laravel\\framework\\src\\Illuminate\\Routing\\Pipeline.php(53): Illuminate\\Pipeline\\Pipeline->Illuminate\\Pipeline\\{closure}(Object(Illuminate\\Http\\Request))
#26 C:\\xampp\\htdocs\\dxerp\\vendor\\laravel\\framework\\src\\Illuminate\\Foundation\\Http\\Middleware\\TransformsRequest.php(21): Illuminate\\Routing\\Pipeline->Illuminate\\Routing\\{closure}(Object(Illuminate\\Http\\Request))
#27 C:\\xampp\\htdocs\\dxerp\\vendor\\laravel\\framework\\src\\Illuminate\\Pipeline\\Pipeline.php(163): Illuminate\\Foundation\\Http\\Middleware\\TransformsRequest->handle(Object(Illuminate\\Http\\Request), Object(Closure))
#28 C:\\xampp\\htdocs\\dxerp\\vendor\\laravel\\framework\\src\\Illuminate\\Routing\\Pipeline.php(53): Illuminate\\Pipeline\\Pipeline->Illuminate\\Pipeline\\{closure}(Object(Illuminate\\Http\\Request))
#29 C:\\xampp\\htdocs\\dxerp\\vendor\\laravel\\framework\\src\\Illuminate\\Foundation\\Http\\Middleware\\ValidatePostSize.php(27): Illuminate\\Routing\\Pipeline->Illuminate\\Routing\\{closure}(Object(Illuminate\\Http\\Request))
#30 C:\\xampp\\htdocs\\dxerp\\vendor\\laravel\\framework\\src\\Illuminate\\Pipeline\\Pipeline.php(163): Illuminate\\Foundation\\Http\\Middleware\\ValidatePostSize->handle(Object(Illuminate\\Http\\Request), Object(Closure))
#31 C:\\xampp\\htdocs\\dxerp\\vendor\\laravel\\framework\\src\\Illuminate\\Routing\\Pipeline.php(53): Illuminate\\Pipeline\\Pipeline->Illuminate\\Pipeline\\{closure}(Object(Illuminate\\Http\\Request))
#32 C:\\xampp\\htdocs\\dxerp\\vendor\\laravel\\framework\\src\\Illuminate\\Foundation\\Http\\Middleware\\CheckForMaintenanceMode.php(62): Illuminate\\Routing\\Pipeline->Illuminate\\Routing\\{closure}(Object(Illuminate\\Http\\Request))
#33 C:\\xampp\\htdocs\\dxerp\\vendor\\laravel\\framework\\src\\Illuminate\\Pipeline\\Pipeline.php(163): Illuminate\\Foundation\\Http\\Middleware\\CheckForMaintenanceMode->handle(Object(Illuminate\\Http\\Request), Object(Closure))
#34 C:\\xampp\\htdocs\\dxerp\\vendor\\laravel\\framework\\src\\Illuminate\\Routing\\Pipeline.php(53): Illuminate\\Pipeline\\Pipeline->Illuminate\\Pipeline\\{closure}(Object(Illuminate\\Http\\Request))
#35 C:\\xampp\\htdocs\\dxerp\\vendor\\laravel\\framework\\src\\Illuminate\\Pipeline\\Pipeline.php(104): Illuminate\\Routing\\Pipeline->Illuminate\\Routing\\{closure}(Object(Illuminate\\Http\\Request))
#36 C:\\xampp\\htdocs\\dxerp\\vendor\\laravel\\framework\\src\\Illuminate\\Foundation\\Http\\Kernel.php(151): Illuminate\\Pipeline\\Pipeline->then(Object(Closure))
#37 C:\\xampp\\htdocs\\dxerp\\vendor\\laravel\\framework\\src\\Illuminate\\Foundation\\Http\\Kernel.php(116): Illuminate\\Foundation\\Http\\Kernel->sendRequestThroughRouter(Object(Illuminate\\Http\\Request))
#38 C:\\xampp\\htdocs\\dxerp\\public\\index.php(53): Illuminate\\Foundation\\Http\\Kernel->handle(Object(Illuminate\\Http\\Request))
#39 C:\\xampp\\htdocs\\dxerp\\server.php(21): require_once('C:\\\\xampp\\\\htdocs...')
#40 {main}
"} 
[2023-07-01 16:23:17] local.ERROR: syntax error, unexpected '$output' (T_VARIABLE) {"exception":"[object] (Symfony\\Component\\Debug\\Exception\\FatalThrowableError(code: 0): syntax error, unexpected '$output' (T_VARIABLE) at C:\\xampp\\htdocs\\dxerp\\app\\Http\\Controllers\\HomeController.php:263)
[stacktrace]
#0 C:\\xampp\\htdocs\\dxerp\\vendor\\composer\\ClassLoader.php(322): Composer\\Autoload\\includeFile('C:\\\\xampp\\\\htdocs...')
#1 [internal function]: Composer\\Autoload\\ClassLoader->loadClass('App\\\\Http\\\\Contro...')
#2 [internal function]: spl_autoload_call('App\\\\Http\\\\Contro...')
#3 C:\\xampp\\htdocs\\dxerp\\vendor\\laravel\\framework\\src\\Illuminate\\Container\\Container.php(788): ReflectionClass->__construct('App\\\\Http\\\\Contro...')
#4 C:\\xampp\\htdocs\\dxerp\\vendor\\laravel\\framework\\src\\Illuminate\\Container\\Container.php(667): Illuminate\\Container\\Container->build('App\\\\Http\\\\Contro...')
#5 C:\\xampp\\htdocs\\dxerp\\vendor\\laravel\\framework\\src\\Illuminate\\Container\\Container.php(615): Illuminate\\Container\\Container->resolve('App\\\\Http\\\\Contro...', Array)
#6 C:\\xampp\\htdocs\\dxerp\\vendor\\laravel\\framework\\src\\Illuminate\\Foundation\\Application.php(767): Illuminate\\Container\\Container->make('App\\\\Http\\\\Contro...', Array)
#7 C:\\xampp\\htdocs\\dxerp\\vendor\\laravel\\framework\\src\\Illuminate\\Routing\\Route.php(233): Illuminate\\Foundation\\Application->make('App\\\\Http\\\\Contro...')
#8 C:\\xampp\\htdocs\\dxerp\\vendor\\laravel\\framework\\src\\Illuminate\\Routing\\Route.php(833): Illuminate\\Routing\\Route->getController()
#9 C:\\xampp\\htdocs\\dxerp\\vendor\\laravel\\framework\\src\\Illuminate\\Routing\\Route.php(794): Illuminate\\Routing\\Route->controllerMiddleware()
#10 C:\\xampp\\htdocs\\dxerp\\vendor\\laravel\\framework\\src\\Illuminate\\Routing\\Router.php(693): Illuminate\\Routing\\Route->gatherMiddleware()
#11 C:\\xampp\\htdocs\\dxerp\\vendor\\laravel\\framework\\src\\Illuminate\\Routing\\Router.php(673): Illuminate\\Routing\\Router->gatherRouteMiddleware(Object(Illuminate\\Routing\\Route))
#12 C:\\xampp\\htdocs\\dxerp\\vendor\\laravel\\framework\\src\\Illuminate\\Routing\\Router.php(657): Illuminate\\Routing\\Router->runRouteWithinStack(Object(Illuminate\\Routing\\Route), Object(Illuminate\\Http\\Request))
#13 C:\\xampp\\htdocs\\dxerp\\vendor\\laravel\\framework\\src\\Illuminate\\Routing\\Router.php(623): Illuminate\\Routing\\Router->runRoute(Object(Illuminate\\Http\\Request), Object(Illuminate\\Routing\\Route))
#14 C:\\xampp\\htdocs\\dxerp\\vendor\\laravel\\framework\\src\\Illuminate\\Routing\\Router.php(612): Illuminate\\Routing\\Router->dispatchToRoute(Object(Illuminate\\Http\\Request))
#15 C:\\xampp\\htdocs\\dxerp\\vendor\\laravel\\framework\\src\\Illuminate\\Foundation\\Http\\Kernel.php(176): Illuminate\\Routing\\Router->dispatch(Object(Illuminate\\Http\\Request))
#16 C:\\xampp\\htdocs\\dxerp\\vendor\\laravel\\framework\\src\\Illuminate\\Routing\\Pipeline.php(30): Illuminate\\Foundation\\Http\\Kernel->Illuminate\\Foundation\\Http\\{closure}(Object(Illuminate\\Http\\Request))
#17 C:\\xampp\\htdocs\\dxerp\\vendor\\barryvdh\\laravel-debugbar\\src\\Middleware\\InjectDebugbar.php(58): Illuminate\\Routing\\Pipeline->Illuminate\\Routing\\{closure}(Object(Illuminate\\Http\\Request))
#18 C:\\xampp\\htdocs\\dxerp\\vendor\\laravel\\framework\\src\\Illuminate\\Pipeline\\Pipeline.php(163): Barryvdh\\Debugbar\\Middleware\\InjectDebugbar->handle(Object(Illuminate\\Http\\Request), Object(Closure))
#19 C:\\xampp\\htdocs\\dxerp\\vendor\\laravel\\framework\\src\\Illuminate\\Routing\\Pipeline.php(53): Illuminate\\Pipeline\\Pipeline->Illuminate\\Pipeline\\{closure}(Object(Illuminate\\Http\\Request))
#20 C:\\xampp\\htdocs\\dxerp\\vendor\\fideloper\\proxy\\src\\TrustProxies.php(57): Illuminate\\Routing\\Pipeline->Illuminate\\Routing\\{closure}(Object(Illuminate\\Http\\Request))
#21 C:\\xampp\\htdocs\\dxerp\\vendor\\laravel\\framework\\src\\Illuminate\\Pipeline\\Pipeline.php(163): Fideloper\\Proxy\\TrustProxies->handle(Object(Illuminate\\Http\\Request), Object(Closure))
#22 C:\\xampp\\htdocs\\dxerp\\vendor\\laravel\\framework\\src\\Illuminate\\Routing\\Pipeline.php(53): Illuminate\\Pipeline\\Pipeline->Illuminate\\Pipeline\\{closure}(Object(Illuminate\\Http\\Request))
#23 C:\\xampp\\htdocs\\dxerp\\vendor\\laravel\\framework\\src\\Illuminate\\Foundation\\Http\\Middleware\\TransformsRequest.php(21): Illuminate\\Routing\\Pipeline->Illuminate\\Routing\\{closure}(Object(Illuminate\\Http\\Request))
#24 C:\\xampp\\htdocs\\dxerp\\vendor\\laravel\\framework\\src\\Illuminate\\Pipeline\\Pipeline.php(163): Illuminate\\Foundation\\Http\\Middleware\\TransformsRequest->handle(Object(Illuminate\\Http\\Request), Object(Closure))
#25 C:\\xampp\\htdocs\\dxerp\\vendor\\laravel\\framework\\src\\Illuminate\\Routing\\Pipeline.php(53): Illuminate\\Pipeline\\Pipeline->Illuminate\\Pipeline\\{closure}(Object(Illuminate\\Http\\Request))
#26 C:\\xampp\\htdocs\\dxerp\\vendor\\laravel\\framework\\src\\Illuminate\\Foundation\\Http\\Middleware\\TransformsRequest.php(21): Illuminate\\Routing\\Pipeline->Illuminate\\Routing\\{closure}(Object(Illuminate\\Http\\Request))
#27 C:\\xampp\\htdocs\\dxerp\\vendor\\laravel\\framework\\src\\Illuminate\\Pipeline\\Pipeline.php(163): Illuminate\\Foundation\\Http\\Middleware\\TransformsRequest->handle(Object(Illuminate\\Http\\Request), Object(Closure))
#28 C:\\xampp\\htdocs\\dxerp\\vendor\\laravel\\framework\\src\\Illuminate\\Routing\\Pipeline.php(53): Illuminate\\Pipeline\\Pipeline->Illuminate\\Pipeline\\{closure}(Object(Illuminate\\Http\\Request))
#29 C:\\xampp\\htdocs\\dxerp\\vendor\\laravel\\framework\\src\\Illuminate\\Foundation\\Http\\Middleware\\ValidatePostSize.php(27): Illuminate\\Routing\\Pipeline->Illuminate\\Routing\\{closure}(Object(Illuminate\\Http\\Request))
#30 C:\\xampp\\htdocs\\dxerp\\vendor\\laravel\\framework\\src\\Illuminate\\Pipeline\\Pipeline.php(163): Illuminate\\Foundation\\Http\\Middleware\\ValidatePostSize->handle(Object(Illuminate\\Http\\Request), Object(Closure))
#31 C:\\xampp\\htdocs\\dxerp\\vendor\\laravel\\framework\\src\\Illuminate\\Routing\\Pipeline.php(53): Illuminate\\Pipeline\\Pipeline->Illuminate\\Pipeline\\{closure}(Object(Illuminate\\Http\\Request))
#32 C:\\xampp\\htdocs\\dxerp\\vendor\\laravel\\framework\\src\\Illuminate\\Foundation\\Http\\Middleware\\CheckForMaintenanceMode.php(62): Illuminate\\Routing\\Pipeline->Illuminate\\Routing\\{closure}(Object(Illuminate\\Http\\Request))
#33 C:\\xampp\\htdocs\\dxerp\\vendor\\laravel\\framework\\src\\Illuminate\\Pipeline\\Pipeline.php(163): Illuminate\\Foundation\\Http\\Middleware\\CheckForMaintenanceMode->handle(Object(Illuminate\\Http\\Request), Object(Closure))
#34 C:\\xampp\\htdocs\\dxerp\\vendor\\laravel\\framework\\src\\Illuminate\\Routing\\Pipeline.php(53): Illuminate\\Pipeline\\Pipeline->Illuminate\\Pipeline\\{closure}(Object(Illuminate\\Http\\Request))
#35 C:\\xampp\\htdocs\\dxerp\\vendor\\laravel\\framework\\src\\Illuminate\\Pipeline\\Pipeline.php(104): Illuminate\\Routing\\Pipeline->Illuminate\\Routing\\{closure}(Object(Illuminate\\Http\\Request))
#36 C:\\xampp\\htdocs\\dxerp\\vendor\\laravel\\framework\\src\\Illuminate\\Foundation\\Http\\Kernel.php(151): Illuminate\\Pipeline\\Pipeline->then(Object(Closure))
#37 C:\\xampp\\htdocs\\dxerp\\vendor\\laravel\\framework\\src\\Illuminate\\Foundation\\Http\\Kernel.php(116): Illuminate\\Foundation\\Http\\Kernel->sendRequestThroughRouter(Object(Illuminate\\Http\\Request))
#38 C:\\xampp\\htdocs\\dxerp\\public\\index.php(53): Illuminate\\Foundation\\Http\\Kernel->handle(Object(Illuminate\\Http\\Request))
#39 C:\\xampp\\htdocs\\dxerp\\server.php(21): require_once('C:\\\\xampp\\\\htdocs...')
#40 {main}
"} 
[2023-07-01 16:33:45] local.INFO: Backpack\BackupManager -- new backup started from admin interface 
Starting backup...
Dumping database ultimate_pos...
Backup failed because The dump process failed with exitcode 1 : General error : '"mysqldump"' is not recognized as an internal or external command,
operable program or batch file.
.
#0 C:\xampp\htdocs\dxerp\vendor\spatie\db-dumper\src\DbDumper.php(263): Spatie\DbDumper\Exceptions\DumpFailed::processDidNotEndSuccessfully(Object(Symfony\Component\Process\Process))
#1 C:\xampp\htdocs\dxerp\vendor\spatie\db-dumper\src\Databases\MySql.php(203): Spatie\DbDumper\DbDumper->checkIfDumpWasSuccessFul(Object(Symfony\Component\Process\Process), 'C:\\xampp\\htdocs...')
#2 C:\xampp\htdocs\dxerp\vendor\spatie\laravel-backup\src\Tasks\Backup\BackupJob.php(246): Spatie\DbDumper\Databases\MySql->dumpToFile('C:\\xampp\\htdocs...')
#3 [internal function]: Spatie\Backup\Tasks\Backup\BackupJob->Spatie\Backup\Tasks\Backup\{closure}(Object(Spatie\DbDumper\Databases\MySql), 'mysql')
#4 C:\xampp\htdocs\dxerp\vendor\laravel\framework\src\Illuminate\Support\Collection.php(1120): array_map(Object(Closure), Array, Array)
#5 C:\xampp\htdocs\dxerp\vendor\spatie\laravel-backup\src\Tasks\Backup\BackupJob.php(249): Illuminate\Support\Collection->map(Object(Closure))
#6 C:\xampp\htdocs\dxerp\vendor\spatie\laravel-backup\src\Tasks\Backup\BackupJob.php(166): Spatie\Backup\Tasks\Backup\BackupJob->dumpDatabases()
#7 C:\xampp\htdocs\dxerp\vendor\spatie\laravel-backup\src\Tasks\Backup\BackupJob.php(142): Spatie\Backup\Tasks\Backup\BackupJob->createBackupManifest()
#8 C:\xampp\htdocs\dxerp\vendor\spatie\laravel-backup\src\Commands\BackupCommand.php(52): Spatie\Backup\Tasks\Backup\BackupJob->run()
#9 [internal function]: Spatie\Backup\Commands\BackupCommand->handle()
#10 C:\xampp\htdocs\dxerp\vendor\laravel\framework\src\Illuminate\Container\BoundMethod.php(32): call_user_func_array(Array, Array)
#11 C:\xampp\htdocs\dxerp\vendor\laravel\framework\src\Illuminate\Container\BoundMethod.php(90): Illuminate\Container\BoundMethod::Illuminate\Container\{closure}()
#12 C:\xampp\htdocs\dxerp\vendor\laravel\framework\src\Illuminate\Container\BoundMethod.php(34): Illuminate\Container\BoundMethod::callBoundMethod(Object(Illuminate\Foundation\Application), Array, Object(Closure))
#13 C:\xampp\htdocs\dxerp\vendor\laravel\framework\src\Illuminate\Container\Container.php(576): Illuminate\Container\BoundMethod::call(Object(Illuminate\Foundation\Application), Array, Array, NULL)
#14 C:\xampp\htdocs\dxerp\vendor\laravel\framework\src\Illuminate\Console\Command.php(183): Illuminate\Container\Container->call(Array)
#15 C:\xampp\htdocs\dxerp\vendor\symfony\console\Command\Command.php(255): Illuminate\Console\Command->execute(Object(Symfony\Component\Console\Input\StringInput), Object(Illuminate\Console\OutputStyle))
#16 C:\xampp\htdocs\dxerp\vendor\laravel\framework\src\Illuminate\Console\Command.php(170): Symfony\Component\Console\Command\Command->run(Object(Symfony\Component\Console\Input\StringInput), Object(Illuminate\Console\OutputStyle))
#17 C:\xampp\htdocs\dxerp\vendor\spatie\laravel-backup\src\Commands\BaseCommand.php(16): Illuminate\Console\Command->run(Object(Symfony\Component\Console\Input\StringInput), Object(Symfony\Component\Console\Output\BufferedOutput))
#18 C:\xampp\htdocs\dxerp\vendor\symfony\console\Application.php(1009): Spatie\Backup\Commands\BaseCommand->run(Object(Symfony\Component\Console\Input\StringInput), Object(Symfony\Component\Console\Output\BufferedOutput))
#19 C:\xampp\htdocs\dxerp\vendor\symfony\console\Application.php(273): Symfony\Component\Console\Application->doRunCommand(Object(Spatie\Backup\Commands\BackupCommand), Object(Symfony\Component\Console\Input\StringInput), Object(Symfony\Component\Console\Output\BufferedOutput))
#20 C:\xampp\htdocs\dxerp\vendor\symfony\console\Application.php(149): Symfony\Component\Console\Application->doRun(Object(Symfony\Component\Console\Input\StringInput), Object(Symfony\Component\Console\Output\BufferedOutput))
#21 C:\xampp\htdocs\dxerp\vendor\laravel\framework\src\Illuminate\Console\Application.php(90): Symfony\Component\Console\Application->run(Object(Symfony\Component\Console\Input\StringInput), Object(Symfony\Component\Console\Output\BufferedOutput))
#22 C:\xampp\htdocs\dxerp\vendor\laravel\framework\src\Illuminate\Console\Application.php(182): Illuminate\Console\Application->run(Object(Symfony\Component\Console\Input\StringInput), Object(Symfony\Component\Console\Output\BufferedOutput))
#23 C:\xampp\htdocs\dxerp\vendor\laravel\framework\src\Illuminate\Foundation\Console\Kernel.php(275): Illuminate\Console\Application->call('backup:run', Array, NULL)
#24 C:\xampp\htdocs\dxerp\vendor\laravel\framework\src\Illuminate\Support\Facades\Facade.php(239): Illuminate\Foundation\Console\Kernel->call('backup:run')
#25 C:\xampp\htdocs\dxerp\app\Http\Controllers\BackUpController.php(82): Illuminate\Support\Facades\Facade::__callStatic('call', Array)
#26 [internal function]: App\Http\Controllers\BackUpController->create()
#27 C:\xampp\htdocs\dxerp\vendor\laravel\framework\src\Illuminate\Routing\Controller.php(54): call_user_func_array(Array, Array)
#28 C:\xampp\htdocs\dxerp\vendor\laravel\framework\src\Illuminate\Routing\ControllerDispatcher.php(45): Illuminate\Routing\Controller->callAction('create', Array)
#29 C:\xampp\htdocs\dxerp\vendor\laravel\framework\src\Illuminate\Routing\Route.php(219): Illuminate\Routing\ControllerDispatcher->dispatch(Object(Illuminate\Routing\Route), Object(App\Http\Controllers\BackUpController), 'create')
#30 C:\xampp\htdocs\dxerp\vendor\laravel\framework\src\Illuminate\Routing\Route.php(176): Illuminate\Routing\Route->runController()
#31 C:\xampp\htdocs\dxerp\vendor\laravel\framework\src\Illuminate\Routing\Router.php(680): Illuminate\Routing\Route->run()
#32 C:\xampp\htdocs\dxerp\vendor\laravel\framework\src\Illuminate\Routing\Pipeline.php(30): Illuminate\Routing\Router->Illuminate\Routing\{closure}(Object(Illuminate\Http\Request))
#33 C:\xampp\htdocs\dxerp\app\Http\Middleware\CheckUserLogin.php(22): Illuminate\Routing\Pipeline->Illuminate\Routing\{closure}(Object(Illuminate\Http\Request))
#34 C:\xampp\htdocs\dxerp\vendor\laravel\framework\src\Illuminate\Pipeline\Pipeline.php(163): App\Http\Middleware\CheckUserLogin->handle(Object(Illuminate\Http\Request), Object(Closure))
#35 C:\xampp\htdocs\dxerp\vendor\laravel\framework\src\Illuminate\Routing\Pipeline.php(53): Illuminate\Pipeline\Pipeline->Illuminate\Pipeline\{closure}(Object(Illuminate\Http\Request))
#36 C:\xampp\htdocs\dxerp\app\Http\Middleware\AdminSidebarMenu.php(757): Illuminate\Routing\Pipeline->Illuminate\Routing\{closure}(Object(Illuminate\Http\Request))
#37 C:\xampp\htdocs\dxerp\vendor\laravel\framework\src\Illuminate\Pipeline\Pipeline.php(163): App\Http\Middleware\AdminSidebarMenu->handle(Object(Illuminate\Http\Request), Object(Closure))
#38 C:\xampp\htdocs\dxerp\vendor\laravel\framework\src\Illuminate\Routing\Pipeline.php(53): Illuminate\Pipeline\Pipeline->Illuminate\Pipeline\{closure}(Object(Illuminate\Http\Request))
#39 C:\xampp\htdocs\dxerp\app\Http\Middleware\Timezone.php(30): Illuminate\Routing\Pipeline->Illuminate\Routing\{closure}(Object(Illuminate\Http\Request))
#40 C:\xampp\htdocs\dxerp\vendor\laravel\framework\src\Illuminate\Pipeline\Pipeline.php(163): App\Http\Middleware\Timezone->handle(Object(Illuminate\Http\Request), Object(Closure))
#41 C:\xampp\htdocs\dxerp\vendor\laravel\framework\src\Illuminate\Routing\Pipeline.php(53): Illuminate\Pipeline\Pipeline->Illuminate\Pipeline\{closure}(Object(Illuminate\Http\Request))
#42 C:\xampp\htdocs\dxerp\app\Http\Middleware\Language.php(27): Illuminate\Routing\Pipeline->Illuminate\Routing\{closure}(Object(Illuminate\Http\Request))
#43 C:\xampp\htdocs\dxerp\vendor\laravel\framework\src\Illuminate\Pipeline\Pipeline.php(163): App\Http\Middleware\Language->handle(Object(Illuminate\Http\Request), Object(Closure))
#44 C:\xampp\htdocs\dxerp\vendor\laravel\framework\src\Illuminate\Routing\Pipeline.php(53): Illuminate\Pipeline\Pipeline->Illuminate\Pipeline\{closure}(Object(Illuminate\Http\Request))
#45 C:\xampp\htdocs\dxerp\app\Http\Middleware\SetSessionData.php(53): Illuminate\Routing\Pipeline->Illuminate\Routing\{closure}(Object(Illuminate\Http\Request))
#46 C:\xampp\htdocs\dxerp\vendor\laravel\framework\src\Illuminate\Pipeline\Pipeline.php(163): App\Http\Middleware\SetSessionData->handle(Object(Illuminate\Http\Request), Object(Closure))
#47 C:\xampp\htdocs\dxerp\vendor\laravel\framework\src\Illuminate\Routing\Pipeline.php(53): Illuminate\Pipeline\Pipeline->Illuminate\Pipeline\{closure}(Object(Illuminate\Http\Request))
#48 C:\xampp\htdocs\dxerp\app\Http\Middleware\IsInstalled.php(51): Illuminate\Routing\Pipeline->Illuminate\Routing\{closure}(Object(Illuminate\Http\Request))
#49 C:\xampp\htdocs\dxerp\vendor\laravel\framework\src\Illuminate\Pipeline\Pipeline.php(163): App\Http\Middleware\IsInstalled->handle(Object(Illuminate\Http\Request), Object(Closure))
#50 C:\xampp\htdocs\dxerp\vendor\laravel\framework\src\Illuminate\Routing\Pipeline.php(53): Illuminate\Pipeline\Pipeline->Illuminate\Pipeline\{closure}(Object(Illuminate\Http\Request))
#51 C:\xampp\htdocs\dxerp\vendor\laravel\framework\src\Illuminate\Routing\Middleware\SubstituteBindings.php(41): Illuminate\Routing\Pipeline->Illuminate\Routing\{closure}(Object(Illuminate\Http\Request))
#52 C:\xampp\htdocs\dxerp\vendor\laravel\framework\src\Illuminate\Pipeline\Pipeline.php(163): Illuminate\Routing\Middleware\SubstituteBindings->handle(Object(Illuminate\Http\Request), Object(Closure))
#53 C:\xampp\htdocs\dxerp\vendor\laravel\framework\src\Illuminate\Routing\Pipeline.php(53): Illuminate\Pipeline\Pipeline->Illuminate\Pipeline\{closure}(Object(Illuminate\Http\Request))
#54 C:\xampp\htdocs\dxerp\vendor\laravel\framework\src\Illuminate\Auth\Middleware\Authenticate.php(43): Illuminate\Routing\Pipeline->Illuminate\Routing\{closure}(Object(Illuminate\Http\Request))
#55 C:\xampp\htdocs\dxerp\vendor\laravel\framework\src\Illuminate\Pipeline\Pipeline.php(163): Illuminate\Auth\Middleware\Authenticate->handle(Object(Illuminate\Http\Request), Object(Closure))
#56 C:\xampp\htdocs\dxerp\vendor\laravel\framework\src\Illuminate\Routing\Pipeline.php(53): Illuminate\Pipeline\Pipeline->Illuminate\Pipeline\{closure}(Object(Illuminate\Http\Request))
#57 C:\xampp\htdocs\dxerp\vendor\laravel\framework\src\Illuminate\Foundation\Http\Middleware\VerifyCsrfToken.php(75): Illuminate\Routing\Pipeline->Illuminate\Routing\{closure}(Object(Illuminate\Http\Request))
#58 C:\xampp\htdocs\dxerp\vendor\laravel\framework\src\Illuminate\Pipeline\Pipeline.php(163): Illuminate\Foundation\Http\Middleware\VerifyCsrfToken->handle(Object(Illuminate\Http\Request), Object(Closure))
#59 C:\xampp\htdocs\dxerp\vendor\laravel\framework\src\Illuminate\Routing\Pipeline.php(53): Illuminate\Pipeline\Pipeline->Illuminate\Pipeline\{closure}(Object(Illuminate\Http\Request))
#60 C:\xampp\htdocs\dxerp\vendor\laravel\framework\src\Illuminate\View\Middleware\ShareErrorsFromSession.php(49): Illuminate\Routing\Pipeline->Illuminate\Routing\{closure}(Object(Illuminate\Http\Request))
#61 C:\xampp\htdocs\dxerp\vendor\laravel\framework\src\Illuminate\Pipeline\Pipeline.php(163): Illuminate\View\Middleware\ShareErrorsFromSession->handle(Object(Illuminate\Http\Request), Object(Closure))
#62 C:\xampp\htdocs\dxerp\vendor\laravel\framework\src\Illuminate\Routing\Pipeline.php(53): Illuminate\Pipeline\Pipeline->Illuminate\Pipeline\{closure}(Object(Illuminate\Http\Request))
#63 C:\xampp\htdocs\dxerp\vendor\laravel\framework\src\Illuminate\Session\Middleware\StartSession.php(56): Illuminate\Routing\Pipeline->Illuminate\Routing\{closure}(Object(Illuminate\Http\Request))
#64 C:\xampp\htdocs\dxerp\vendor\laravel\framework\src\Illuminate\Pipeline\Pipeline.php(163): Illuminate\Session\Middleware\StartSession->handle(Object(Illuminate\Http\Request), Object(Closure))
#65 C:\xampp\htdocs\dxerp\vendor\laravel\framework\src\Illuminate\Routing\Pipeline.php(53): Illuminate\Pipeline\Pipeline->Illuminate\Pipeline\{closure}(Object(Illuminate\Http\Request))
#66 C:\xampp\htdocs\dxerp\vendor\laravel\framework\src\Illuminate\Cookie\Middleware\AddQueuedCookiesToResponse.php(37): Illuminate\Routing\Pipeline->Illuminate\Routing\{closure}(Object(Illuminate\Http\Request))
#67 C:\xampp\htdocs\dxerp\vendor\laravel\framework\src\Illuminate\Pipeline\Pipeline.php(163): Illuminate\Cookie\Middleware\AddQueuedCookiesToResponse->handle(Object(Illuminate\Http\Request), Object(Closure))
#68 C:\xampp\htdocs\dxerp\vendor\laravel\framework\src\Illuminate\Routing\Pipeline.php(53): Illuminate\Pipeline\Pipeline->Illuminate\Pipeline\{closure}(Object(Illuminate\Http\Request))
#69 C:\xampp\htdocs\dxerp\vendor\laravel\framework\src\Illuminate\Cookie\Middleware\EncryptCookies.php(66): Illuminate\Routing\Pipeline->Illuminate\Routing\{closure}(Object(Illuminate\Http\Request))
#70 C:\xampp\htdocs\dxerp\vendor\laravel\framework\src\Illuminate\Pipeline\Pipeline.php(163): Illuminate\Cookie\Middleware\EncryptCookies->handle(Object(Illuminate\Http\Request), Object(Closure))
#71 C:\xampp\htdocs\dxerp\vendor\laravel\framework\src\Illuminate\Routing\Pipeline.php(53): Illuminate\Pipeline\Pipeline->Illuminate\Pipeline\{closure}(Object(Illuminate\Http\Request))
#72 C:\xampp\htdocs\dxerp\vendor\laravel\framework\src\Illuminate\Pipeline\Pipeline.php(104): Illuminate\Routing\Pipeline->Illuminate\Routing\{closure}(Object(Illuminate\Http\Request))
#73 C:\xampp\htdocs\dxerp\vendor\laravel\framework\src\Illuminate\Routing\Router.php(682): Illuminate\Pipeline\Pipeline->then(Object(Closure))
#74 C:\xampp\htdocs\dxerp\vendor\laravel\framework\src\Illuminate\Routing\Router.php(657): Illuminate\Routing\Router->runRouteWithinStack(Object(Illuminate\Routing\Route), Object(Illuminate\Http\Request))
#75 C:\xampp\htdocs\dxerp\vendor\laravel\framework\src\Illuminate\Routing\Router.php(623): Illuminate\Routing\Router->runRoute(Object(Illuminate\Http\Request), Object(Illuminate\Routing\Route))
#76 C:\xampp\htdocs\dxerp\vendor\laravel\framework\src\Illuminate\Routing\Router.php(612): Illuminate\Routing\Router->dispatchToRoute(Object(Illuminate\Http\Request))
#77 C:\xampp\htdocs\dxerp\vendor\laravel\framework\src\Illuminate\Foundation\Http\Kernel.php(176): Illuminate\Routing\Router->dispatch(Object(Illuminate\Http\Request))
#78 C:\xampp\htdocs\dxerp\vendor\laravel\framework\src\Illuminate\Routing\Pipeline.php(30): Illuminate\Foundation\Http\Kernel->Illuminate\Foundation\Http\{closure}(Object(Illuminate\Http\Request))
#79 C:\xampp\htdocs\dxerp\vendor\barryvdh\laravel-debugbar\src\Middleware\InjectDebugbar.php(58): Illuminate\Routing\Pipeline->Illuminate\Routing\{closure}(Object(Illuminate\Http\Request))
#80 C:\xampp\htdocs\dxerp\vendor\laravel\framework\src\Illuminate\Pipeline\Pipeline.php(163): Barryvdh\Debugbar\Middleware\InjectDebugbar->handle(Object(Illuminate\Http\Request), Object(Closure))
#81 C:\xampp\htdocs\dxerp\vendor\laravel\framework\src\Illuminate\Routing\Pipeline.php(53): Illuminate\Pipeline\Pipeline->Illuminate\Pipeline\{closure}(Object(Illuminate\Http\Request))
#82 C:\xampp\htdocs\dxerp\vendor\fideloper\proxy\src\TrustProxies.php(57): Illuminate\Routing\Pipeline->Illuminate\Routing\{closure}(Object(Illuminate\Http\Request))
#83 C:\xampp\htdocs\dxerp\vendor\laravel\framework\src\Illuminate\Pipeline\Pipeline.php(163): Fideloper\Proxy\TrustProxies->handle(Object(Illuminate\Http\Request), Object(Closure))
#84 C:\xampp\htdocs\dxerp\vendor\laravel\framework\src\Illuminate\Routing\Pipeline.php(53): Illuminate\Pipeline\Pipeline->Illuminate\Pipeline\{closure}(Object(Illuminate\Http\Request))
#85 C:\xampp\htdocs\dxerp\vendor\laravel\framework\src\Illuminate\Foundation\Http\Middleware\TransformsRequest.php(21): Illuminate\Routing\Pipeline->Illuminate\Routing\{closure}(Object(Illuminate\Http\Request))
#86 C:\xampp\htdocs\dxerp\vendor\laravel\framework\src\Illuminate\Pipeline\Pipeline.php(163): Illuminate\Foundation\Http\Middleware\TransformsRequest->handle(Object(Illuminate\Http\Request), Object(Closure))
#87 C:\xampp\htdocs\dxerp\vendor\laravel\framework\src\Illuminate\Routing\Pipeline.php(53): Illuminate\Pipeline\Pipeline->Illuminate\Pipeline\{closure}(Object(Illuminate\Http\Request))
#88 C:\xampp\htdocs\dxerp\vendor\laravel\framework\src\Illuminate\Foundation\Http\Middleware\TransformsRequest.php(21): Illuminate\Routing\Pipeline->Illuminate\Routing\{closure}(Object(Illuminate\Http\Request))
#89 C:\xampp\htdocs\dxerp\vendor\laravel\framework\src\Illuminate\Pipeline\Pipeline.php(163): Illuminate\Foundation\Http\Middleware\TransformsRequest->handle(Object(Illuminate\Http\Request), Object(Closure))
#90 C:\xampp\htdocs\dxerp\vendor\laravel\framework\src\Illuminate\Routing\Pipeline.php(53): Illuminate\Pipeline\Pipeline->Illuminate\Pipeline\{closure}(Object(Illuminate\Http\Request))
#91 C:\xampp\htdocs\dxerp\vendor\laravel\framework\src\Illuminate\Foundation\Http\Middleware\ValidatePostSize.php(27): Illuminate\Routing\Pipeline->Illuminate\Routing\{closure}(Object(Illuminate\Http\Request))
#92 C:\xampp\htdocs\dxerp\vendor\laravel\framework\src\Illuminate\Pipeline\Pipeline.php(163): Illuminate\Foundation\Http\Middleware\ValidatePostSize->handle(Object(Illuminate\Http\Request), Object(Closure))
#93 C:\xampp\htdocs\dxerp\vendor\laravel\framework\src\Illuminate\Routing\Pipeline.php(53): Illuminate\Pipeline\Pipeline->Illuminate\Pipeline\{closure}(Object(Illuminate\Http\Request))
#94 C:\xampp\htdocs\dxerp\vendor\laravel\framework\src\Illuminate\Foundation\Http\Middleware\CheckForMaintenanceMode.php(62): Illuminate\Routing\Pipeline->Illuminate\Routing\{closure}(Object(Illuminate\Http\Request))
#95 C:\xampp\htdocs\dxerp\vendor\laravel\framework\src\Illuminate\Pipeline\Pipeline.php(163): Illuminate\Foundation\Http\Middleware\CheckForMaintenanceMode->handle(Object(Illuminate\Http\Request), Object(Closure))
#96 C:\xampp\htdocs\dxerp\vendor\laravel\framework\src\Illuminate\Routing\Pipeline.php(53): Illuminate\Pipeline\Pipeline->Illuminate\Pipeline\{closure}(Object(Illuminate\Http\Request))
#97 C:\xampp\htdocs\dxerp\vendor\laravel\framework\src\Illuminate\Pipeline\Pipeline.php(104): Illuminate\Routing\Pipeline->Illuminate\Routing\{closure}(Object(Illuminate\Http\Request))
#98 C:\xampp\htdocs\dxerp\vendor\laravel\framework\src\Illuminate\Foundation\Http\Kernel.php(151): Illuminate\Pipeline\Pipeline->then(Object(Closure))
#99 C:\xampp\htdocs\dxerp\vendor\laravel\framework\src\Illuminate\Foundation\Http\Kernel.php(116): Illuminate\Foundation\Http\Kernel->sendRequestThroughRouter(Object(Illuminate\Http\Request))
#100 C:\xampp\htdocs\dxerp\public\index.php(53): Illuminate\Foundation\Http\Kernel->handle(Object(Illuminate\Http\Request))
#101 C:\xampp\htdocs\dxerp\server.php(21): require_once('C:\\xampp\\htdocs...')
#102 {main}
Backup failed because: The dump process failed with exitcode 1 : General error : '"mysqldump"' is not recognized as an internal or external command,
operable program or batch file.
.
  
